<?xml version="1.0" encoding="UTF-8"?>
<!-- Generated by org.testng.reporters.JUnitReportReporter -->
<testsuite hostname="DESKTOP-GOAQVTN" failures="0" tests="3" name="Day3.MyStoreTC1" time="48.094" errors="0" timestamp="2020-11-18T21:11:58 CAT" skipped="0">
  <testcase classname="Day3.MyStoreTC1" name="titleTest" time="17.050"/>
  <testcase classname="Day3.MyStoreTC1" name="logoTest" time="15.787"/>
  <testcase classname="Day3.MyStoreTC1" name="urlTest" time="15.257"/>
</testsuite> <!-- Day3.MyStoreTC1 -->
